Started GET "/" for 127.0.0.1 at 2017-12-15 15:33:40 +0700
Processing by ApplicationController#hello as HTML
  Rendering html template
  Rendered html template (0.0ms)
Completed 200 OK in 109ms (Views: 1.7ms)


Started GET "/" for 127.0.0.1 at 2017-12-15 15:33:41 +0700
Processing by ApplicationController#hello as HTML
  Rendering html template
  Rendered html template (0.0ms)
Completed 200 OK in 1ms (Views: 0.7ms)


Started GET "/" for 127.0.0.1 at 2017-12-15 15:33:42 +0700
Processing by ApplicationController#hello as HTML
  Rendering html template
  Rendered html template (0.0ms)
Completed 200 OK in 1ms (Views: 0.6ms)


Started GET "/" for 127.0.0.1 at 2017-12-15 15:33:43 +0700
Processing by ApplicationController#hello as HTML
  Rendering html template
  Rendered html template (0.0ms)
Completed 200 OK in 0ms (Views: 0.3ms)


Started GET "/static_pages/home" for 127.0.0.1 at 2017-12-15 15:34:22 +0700
  
SyntaxError (/home/probntc/environment/sample_app/app/controllers/static_pages_controller.rb:2: syntax error, unexpected ...
  def ...
         ^):
  
app/controllers/static_pages_controller.rb:2: syntax error, unexpected ...
Started GET "/static_pages/home" for 127.0.0.1 at 2017-12-15 15:36:19 +0700
  
SyntaxError (/home/probntc/environment/sample_app/app/controllers/static_pages_controller.rb:2: syntax error, unexpected ...
  def ...
         ^):
  
app/controllers/static_pages_controller.rb:2: syntax error, unexpected ...
Started GET "/static_pages/home" for 127.0.0.1 at 2017-12-15 15:38:42 +0700
Processing by StaticPagesController#home as HTML
  Rendering static_pages/home.html.erb within layouts/application
  Rendered static_pages/home.html.erb within layouts/application (0.5ms)
Completed 200 OK in 434ms (Views: 359.6ms)


Started GET "/static_pages/home" for 127.0.0.1 at 2017-12-15 15:38:44 +0700
Processing by StaticPagesController#home as HTML
  Rendering static_pages/home.html.erb within layouts/application
  Rendered static_pages/home.html.erb within layouts/application (0.2ms)
Completed 200 OK in 10ms (Views: 8.8ms)


Started GET "/static_pages/home" for 127.0.0.1 at 2017-12-15 15:38:46 +0700
Processing by StaticPagesController#home as HTML
  Rendering static_pages/home.html.erb within layouts/application
  Rendered static_pages/home.html.erb within layouts/application (0.2ms)
Completed 200 OK in 12ms (Views: 11.6ms)


Started GET "/static_pages/home" for 127.0.0.1 at 2017-12-15 15:46:02 +0700
Processing by StaticPagesController#home as HTML
  Rendering static_pages/home.html.erb within layouts/application
  Rendered static_pages/home.html.erb within layouts/application (0.2ms)
Completed 200 OK in 10ms (Views: 8.9ms)


Started GET "/static_pages/home" for 127.0.0.1 at 2017-12-15 15:46:04 +0700
Processing by StaticPagesController#home as HTML
  Rendering static_pages/home.html.erb within layouts/application
  Rendered static_pages/home.html.erb within layouts/application (0.5ms)
Completed 200 OK in 14ms (Views: 12.1ms)


Started GET "/static_pages/home" for 127.0.0.1 at 2017-12-15 15:46:05 +0700
Processing by StaticPagesController#home as HTML
  Rendering static_pages/home.html.erb within layouts/application
  Rendered static_pages/home.html.erb within layouts/application (7.0ms)
Completed 200 OK in 16ms (Views: 15.3ms)


Started GET "/static_pages/help" for 127.0.0.1 at 2017-12-15 15:46:09 +0700
Processing by StaticPagesController#help as HTML
  Rendering static_pages/help.html.erb within layouts/application
  Rendered static_pages/help.html.erb within layouts/application (0.6ms)
Completed 200 OK in 13ms (Views: 11.9ms)


Started GET "/static_pages/help" for 127.0.0.1 at 2017-12-15 15:46:39 +0700
Processing by StaticPagesController#help as HTML
  Rendering static_pages/help.html.erb within layouts/application
  Rendered static_pages/help.html.erb within layouts/application (0.2ms)
Completed 200 OK in 12ms (Views: 11.4ms)


Started GET "/static_pages/help" for 127.0.0.1 at 2017-12-15 15:47:07 +0700
Processing by StaticPagesController#help as HTML
  Rendering static_pages/help.html.erb within layouts/application
  Rendered static_pages/help.html.erb within layouts/application (0.4ms)
Completed 200 OK in 14ms (Views: 12.8ms)


Started GET "/static_pages/help" for 127.0.0.1 at 2017-12-15 15:47:18 +0700
Processing by StaticPagesController#help as HTML
  Rendering static_pages/help.html.erb within layouts/application
  Rendered static_pages/help.html.erb within layouts/application (0.4ms)
Completed 200 OK in 11ms (Views: 9.7ms)


Started GET "/static_pages/home" for 127.0.0.1 at 2017-12-15 15:47:23 +0700
Processing by StaticPagesController#home as HTML
  Rendering static_pages/home.html.erb within layouts/application
  Rendered static_pages/home.html.erb within layouts/application (0.3ms)
Completed 200 OK in 12ms (Views: 11.0ms)


Started GET "/static_pages/home" for 127.0.0.1 at 2017-12-15 15:47:43 +0700
Processing by StaticPagesController#home as HTML
  Rendering static_pages/home.html.erb within layouts/application
  Rendered static_pages/home.html.erb within layouts/application (0.5ms)
Completed 200 OK in 14ms (Views: 12.8ms)


Started GET "/static_pages/about" for 127.0.0.1 at 2017-12-15 15:56:58 +0700
Processing by StaticPagesController#about as HTML
  Rendering static_pages/about.html.erb within layouts/application
  Rendered static_pages/about.html.erb within layouts/application (0.5ms)
Completed 200 OK in 204ms (Views: 127.2ms)


Started GET "/" for 127.0.0.1 at 2017-12-15 16:40:47 +0700
Processing by StaticPagesController#home as HTML
  Rendering static_pages/home.html.erb within layouts/application
  Rendered static_pages/home.html.erb within layouts/application (0.5ms)
Completed 200 OK in 231ms (Views: 142.4ms)


Started GET "/" for 127.0.0.1 at 2017-12-15 16:41:02 +0700
Processing by StaticPagesController#home as HTML
  Rendering static_pages/home.html.erb within layouts/application
  Rendered static_pages/home.html.erb within layouts/application (0.5ms)
Completed 200 OK in 11ms (Views: 10.4ms)


Started GET "/%20//www.railstutorial.org/" for 127.0.0.1 at 2017-12-15 16:41:05 +0700
  
ActionController::RoutingError (No route matches [GET] "/%20/www.railstutorial.org"):
  
actionpack (5.1.2) lib/action_dispatch/middleware/debug_exceptions.rb:63:in `call'
web-console (3.5.1) lib/web_console/middleware.rb:135:in `call_app'
web-console (3.5.1) lib/web_console/middleware.rb:28:in `block in call'
web-console (3.5.1) lib/web_console/middleware.rb:18:in `catch'
web-console (3.5.1) lib/web_console/middleware.rb:18:in `call'
actionpack (5.1.2) lib/action_dispatch/middleware/show_exceptions.rb:31:in `call'
railties (5.1.2) lib/rails/rack/logger.rb:36:in `call_app'
railties (5.1.2) lib/rails/rack/logger.rb:24:in `block in call'
activesupport (5.1.2) lib/active_support/tagged_logging.rb:69:in `block in tagged'
activesupport (5.1.2) lib/active_support/tagged_logging.rb:26:in `tagged'
activesupport (5.1.2) lib/active_support/tagged_logging.rb:69:in `tagged'
railties (5.1.2) lib/rails/rack/logger.rb:24:in `call'
sprockets-rails (3.2.1) lib/sprockets/rails/quiet_assets.rb:13:in `call'
actionpack (5.1.2) lib/action_dispatch/middleware/remote_ip.rb:79:in `call'
actionpack (5.1.2) lib/action_dispatch/middleware/request_id.rb:25:in `call'
rack (2.0.3) lib/rack/method_override.rb:22:in `call'
rack (2.0.3) lib/rack/runtime.rb:22:in `call'
activesupport (5.1.2) lib/active_support/cache/strategy/local_cache_middleware.rb:27:in `call'
actionpack (5.1.2) lib/action_dispatch/middleware/executor.rb:12:in `call'
actionpack (5.1.2) lib/action_dispatch/middleware/static.rb:125:in `call'
rack (2.0.3) lib/rack/sendfile.rb:111:in `call'
railties (5.1.2) lib/rails/engine.rb:522:in `call'
puma (3.9.1) lib/puma/configuration.rb:224:in `call'
puma (3.9.1) lib/puma/server.rb:602:in `handle_request'
puma (3.9.1) lib/puma/server.rb:435:in `process_client'
puma (3.9.1) lib/puma/server.rb:299:in `block in run'
puma (3.9.1) lib/puma/thread_pool.rb:120:in `block in spawn_thread'
Started GET "/" for 127.0.0.1 at 2017-12-15 16:41:09 +0700
Processing by StaticPagesController#home as HTML
  Rendering static_pages/home.html.erb within layouts/application
  Rendered static_pages/home.html.erb within layouts/application (0.4ms)
Completed 200 OK in 13ms (Views: 11.6ms)


Started GET "/" for 127.0.0.1 at 2017-12-15 16:57:39 +0700
Processing by StaticPagesController#home as HTML
  Rendering static_pages/home.html.erb within layouts/application
  Rendered static_pages/home.html.erb within layouts/application (1.0ms)
Completed 200 OK in 227ms (Views: 146.4ms)


